-------------------------------------------------------------------------------
Test set: com.fbp.engine.api.HttpApiServerTest
-------------------------------------------------------------------------------
Tests run: 12, Failures: 0, Errors: 12, Skipped: 0, Time elapsed: 0.013 s <<< FAILURE! -- in com.fbp.engine.api.HttpApiServerTest
com.fbp.engine.api.HttpApiServerTest.testDeployFlowInvalidJson -- Time elapsed: 0.003 s <<< ERROR!
java.net.BindException: Address already in use
	at java.base/sun.nio.ch.Net.bind0(Native Method)
	at java.base/sun.nio.ch.Net.bind(Net.java:565)
	at java.base/sun.nio.ch.ServerSocketChannelImpl.netBind(ServerSocketChannelImpl.java:344)
	at java.base/sun.nio.ch.ServerSocketChannelImpl.bind(ServerSocketChannelImpl.java:301)
	at java.base/sun.nio.ch.ServerSocketAdaptor.bind(ServerSocketAdaptor.java:89)
	at jdk.httpserver/sun.net.httpserver.ServerImpl.<init>(ServerImpl.java:144)
	at jdk.httpserver/sun.net.httpserver.HttpServerImpl.<init>(HttpServerImpl.java:50)
	at jdk.httpserver/sun.net.httpserver.DefaultHttpServerProvider.createHttpServer(DefaultHttpServerProvider.java:35)
	at jdk.httpserver/com.sun.net.httpserver.HttpServer.create(HttpServer.java:152)
	at com.fbp.engine.api.HttpApiServer.start(HttpApiServer.java:25)
	at com.fbp.engine.api.HttpApiServerTest.setUp(HttpApiServerTest.java:59)
	at java.base/java.lang.reflect.Method.invoke(Method.java:580)
	at java.base/java.util.ArrayList.forEach(ArrayList.java:1596)
	at java.base/java.util.ArrayList.forEach(ArrayList.java:1596)

com.fbp.engine.api.HttpApiServerTest.testListFlows -- Time elapsed: 0 s <<< ERROR!
java.net.BindException: Address already in use
	at java.base/sun.nio.ch.Net.bind0(Native Method)
	at java.base/sun.nio.ch.Net.bind(Net.java:565)
	at java.base/sun.nio.ch.ServerSocketChannelImpl.netBind(ServerSocketChannelImpl.java:344)
	at java.base/sun.nio.ch.ServerSocketChannelImpl.bind(ServerSocketChannelImpl.java:301)
	at java.base/sun.nio.ch.ServerSocketAdaptor.bind(ServerSocketAdaptor.java:89)
	at jdk.httpserver/sun.net.httpserver.ServerImpl.<init>(ServerImpl.java:144)
	at jdk.httpserver/sun.net.httpserver.HttpServerImpl.<init>(HttpServerImpl.java:50)
	at jdk.httpserver/sun.net.httpserver.DefaultHttpServerProvider.createHttpServer(DefaultHttpServerProvider.java:35)
	at jdk.httpserver/com.sun.net.httpserver.HttpServer.create(HttpServer.java:152)
	at com.fbp.engine.api.HttpApiServer.start(HttpApiServer.java:25)
	at com.fbp.engine.api.HttpApiServerTest.setUp(HttpApiServerTest.java:59)
	at java.base/java.lang.reflect.Method.invoke(Method.java:580)
	at java.base/java.util.ArrayList.forEach(ArrayList.java:1596)
	at java.base/java.util.ArrayList.forEach(ArrayList.java:1596)

com.fbp.engine.api.HttpApiServerTest.testDeployFlowSuccess -- Time elapsed: 0 s <<< ERROR!
java.net.BindException: Address already in use
	at java.base/sun.nio.ch.Net.bind0(Native Method)
	at java.base/sun.nio.ch.Net.bind(Net.java:565)
	at java.base/sun.nio.ch.ServerSocketChannelImpl.netBind(ServerSocketChannelImpl.java:344)
	at java.base/sun.nio.ch.ServerSocketChannelImpl.bind(ServerSocketChannelImpl.java:301)
	at java.base/sun.nio.ch.ServerSocketAdaptor.bind(ServerSocketAdaptor.java:89)
	at jdk.httpserver/sun.net.httpserver.ServerImpl.<init>(ServerImpl.java:144)
	at jdk.httpserver/sun.net.httpserver.HttpServerImpl.<init>(HttpServerImpl.java:50)
	at jdk.httpserver/sun.net.httpserver.DefaultHttpServerProvider.createHttpServer(DefaultHttpServerProvider.java:35)
	at jdk.httpserver/com.sun.net.httpserver.HttpServer.create(HttpServer.java:152)
	at com.fbp.engine.api.HttpApiServer.start(HttpApiServer.java:25)
	at com.fbp.engine.api.HttpApiServerTest.setUp(HttpApiServerTest.java:59)
	at java.base/java.lang.reflect.Method.invoke(Method.java:580)
	at java.base/java.util.ArrayList.forEach(ArrayList.java:1596)
	at java.base/java.util.ArrayList.forEach(ArrayList.java:1596)

com.fbp.engine.api.HttpApiServerTest.testMethodNotAllowed -- Time elapsed: 0.001 s <<< ERROR!
java.net.BindException: Address already in use
	at java.base/sun.nio.ch.Net.bind0(Native Method)
	at java.base/sun.nio.ch.Net.bind(Net.java:565)
	at java.base/sun.nio.ch.ServerSocketChannelImpl.netBind(ServerSocketChannelImpl.java:344)
	at java.base/sun.nio.ch.ServerSocketChannelImpl.bind(ServerSocketChannelImpl.java:301)
	at java.base/sun.nio.ch.ServerSocketAdaptor.bind(ServerSocketAdaptor.java:89)
	at jdk.httpserver/sun.net.httpserver.ServerImpl.<init>(ServerImpl.java:144)
	at jdk.httpserver/sun.net.httpserver.HttpServerImpl.<init>(HttpServerImpl.java:50)
	at jdk.httpserver/sun.net.httpserver.DefaultHttpServerProvider.createHttpServer(DefaultHttpServerProvider.java:35)
	at jdk.httpserver/com.sun.net.httpserver.HttpServer.create(HttpServer.java:152)
	at com.fbp.engine.api.HttpApiServer.start(HttpApiServer.java:25)
	at com.fbp.engine.api.HttpApiServerTest.setUp(HttpApiServerTest.java:59)
	at java.base/java.lang.reflect.Method.invoke(Method.java:580)
	at java.base/java.util.ArrayList.forEach(ArrayList.java:1596)
	at java.base/java.util.ArrayList.forEach(ArrayList.java:1596)

com.fbp.engine.api.HttpApiServerTest.testPortConflict -- Time elapsed: 0 s <<< ERROR!
java.net.BindException: Address already in use
	at java.base/sun.nio.ch.Net.bind0(Native Method)
	at java.base/sun.nio.ch.Net.bind(Net.java:565)
	at java.base/sun.nio.ch.ServerSocketChannelImpl.netBind(ServerSocketChannelImpl.java:344)
	at java.base/sun.nio.ch.ServerSocketChannelImpl.bind(ServerSocketChannelImpl.java:301)
	at java.base/sun.nio.ch.ServerSocketAdaptor.bind(ServerSocketAdaptor.java:89)
	at jdk.httpserver/sun.net.httpserver.ServerImpl.<init>(ServerImpl.java:144)
	at jdk.httpserver/sun.net.httpserver.HttpServerImpl.<init>(HttpServerImpl.java:50)
	at jdk.httpserver/sun.net.httpserver.DefaultHttpServerProvider.createHttpServer(DefaultHttpServerProvider.java:35)
	at jdk.httpserver/com.sun.net.httpserver.HttpServer.create(HttpServer.java:152)
	at com.fbp.engine.api.HttpApiServer.start(HttpApiServer.java:25)
	at com.fbp.engine.api.HttpApiServerTest.setUp(HttpApiServerTest.java:59)
	at java.base/java.lang.reflect.Method.invoke(Method.java:580)
	at java.base/java.util.ArrayList.forEach(ArrayList.java:1596)
	at java.base/java.util.ArrayList.forEach(ArrayList.java:1596)

com.fbp.engine.api.HttpApiServerTest.testServerLifecycle -- Time elapsed: 0 s <<< ERROR!
java.net.BindException: Address already in use
	at java.base/sun.nio.ch.Net.bind0(Native Method)
	at java.base/sun.nio.ch.Net.bind(Net.java:565)
	at java.base/sun.nio.ch.ServerSocketChannelImpl.netBind(ServerSocketChannelImpl.java:344)
	at java.base/sun.nio.ch.ServerSocketChannelImpl.bind(ServerSocketChannelImpl.java:301)
	at java.base/sun.nio.ch.ServerSocketAdaptor.bind(ServerSocketAdaptor.java:89)
	at jdk.httpserver/sun.net.httpserver.ServerImpl.<init>(ServerImpl.java:144)
	at jdk.httpserver/sun.net.httpserver.HttpServerImpl.<init>(HttpServerImpl.java:50)
	at jdk.httpserver/sun.net.httpserver.DefaultHttpServerProvider.createHttpServer(DefaultHttpServerProvider.java:35)
	at jdk.httpserver/com.sun.net.httpserver.HttpServer.create(HttpServer.java:152)
	at com.fbp.engine.api.HttpApiServer.start(HttpApiServer.java:25)
	at com.fbp.engine.api.HttpApiServerTest.setUp(HttpApiServerTest.java:59)
	at java.base/java.lang.reflect.Method.invoke(Method.java:580)
	at java.base/java.util.ArrayList.forEach(ArrayList.java:1596)
	at java.base/java.util.ArrayList.forEach(ArrayList.java:1596)

com.fbp.engine.api.HttpApiServerTest.testGetFlowMetrics -- Time elapsed: 0.002 s <<< ERROR!
java.net.BindException: Address already in use
	at java.base/sun.nio.ch.Net.bind0(Native Method)
	at java.base/sun.nio.ch.Net.bind(Net.java:565)
	at java.base/sun.nio.ch.ServerSocketChannelImpl.netBind(ServerSocketChannelImpl.java:344)
	at java.base/sun.nio.ch.ServerSocketChannelImpl.bind(ServerSocketChannelImpl.java:301)
	at java.base/sun.nio.ch.ServerSocketAdaptor.bind(ServerSocketAdaptor.java:89)
	at jdk.httpserver/sun.net.httpserver.ServerImpl.<init>(ServerImpl.java:144)
	at jdk.httpserver/sun.net.httpserver.HttpServerImpl.<init>(HttpServerImpl.java:50)
	at jdk.httpserver/sun.net.httpserver.DefaultHttpServerProvider.createHttpServer(DefaultHttpServerProvider.java:35)
	at jdk.httpserver/com.sun.net.httpserver.HttpServer.create(HttpServer.java:152)
	at com.fbp.engine.api.HttpApiServer.start(HttpApiServer.java:25)
	at com.fbp.engine.api.HttpApiServerTest.setUp(HttpApiServerTest.java:59)
	at java.base/java.lang.reflect.Method.invoke(Method.java:580)
	at java.base/java.util.ArrayList.forEach(ArrayList.java:1596)
	at java.base/java.util.ArrayList.forEach(ArrayList.java:1596)

com.fbp.engine.api.HttpApiServerTest.testNotFoundPath -- Time elapsed: 0.002 s <<< ERROR!
java.net.BindException: Address already in use
	at java.base/sun.nio.ch.Net.bind0(Native Method)
	at java.base/sun.nio.ch.Net.bind(Net.java:565)
	at java.base/sun.nio.ch.ServerSocketChannelImpl.netBind(ServerSocketChannelImpl.java:344)
	at java.base/sun.nio.ch.ServerSocketChannelImpl.bind(ServerSocketChannelImpl.java:301)
	at java.base/sun.nio.ch.ServerSocketAdaptor.bind(ServerSocketAdaptor.java:89)
	at jdk.httpserver/sun.net.httpserver.ServerImpl.<init>(ServerImpl.java:144)
	at jdk.httpserver/sun.net.httpserver.HttpServerImpl.<init>(HttpServerImpl.java:50)
	at jdk.httpserver/sun.net.httpserver.DefaultHttpServerProvider.createHttpServer(DefaultHttpServerProvider.java:35)
	at jdk.httpserver/com.sun.net.httpserver.HttpServer.create(HttpServer.java:152)
	at com.fbp.engine.api.HttpApiServer.start(HttpApiServer.java:25)
	at com.fbp.engine.api.HttpApiServerTest.setUp(HttpApiServerTest.java:59)
	at java.base/java.lang.reflect.Method.invoke(Method.java:580)
	at java.base/java.util.ArrayList.forEach(ArrayList.java:1596)
	at java.base/java.util.ArrayList.forEach(ArrayList.java:1596)

com.fbp.engine.api.HttpApiServerTest.testContentTypeHeader -- Time elapsed: 0 s <<< ERROR!
java.net.BindException: Address already in use
	at java.base/sun.nio.ch.Net.bind0(Native Method)
	at java.base/sun.nio.ch.Net.bind(Net.java:565)
	at java.base/sun.nio.ch.ServerSocketChannelImpl.netBind(ServerSocketChannelImpl.java:344)
	at java.base/sun.nio.ch.ServerSocketChannelImpl.bind(ServerSocketChannelImpl.java:301)
	at java.base/sun.nio.ch.ServerSocketAdaptor.bind(ServerSocketAdaptor.java:89)
	at jdk.httpserver/sun.net.httpserver.ServerImpl.<init>(ServerImpl.java:144)
	at jdk.httpserver/sun.net.httpserver.HttpServerImpl.<init>(HttpServerImpl.java:50)
	at jdk.httpserver/sun.net.httpserver.DefaultHttpServerProvider.createHttpServer(DefaultHttpServerProvider.java:35)
	at jdk.httpserver/com.sun.net.httpserver.HttpServer.create(HttpServer.java:152)
	at com.fbp.engine.api.HttpApiServer.start(HttpApiServer.java:25)
	at com.fbp.engine.api.HttpApiServerTest.setUp(HttpApiServerTest.java:59)
	at java.base/java.lang.reflect.Method.invoke(Method.java:580)
	at java.base/java.util.ArrayList.forEach(ArrayList.java:1596)
	at java.base/java.util.ArrayList.forEach(ArrayList.java:1596)

com.fbp.engine.api.HttpApiServerTest.testDeleteNonExistentFlow -- Time elapsed: 0 s <<< ERROR!
java.net.BindException: Address already in use
	at java.base/sun.nio.ch.Net.bind0(Native Method)
	at java.base/sun.nio.ch.Net.bind(Net.java:565)
	at java.base/sun.nio.ch.ServerSocketChannelImpl.netBind(ServerSocketChannelImpl.java:344)
	at java.base/sun.nio.ch.ServerSocketChannelImpl.bind(ServerSocketChannelImpl.java:301)
	at java.base/sun.nio.ch.ServerSocketAdaptor.bind(ServerSocketAdaptor.java:89)
	at jdk.httpserver/sun.net.httpserver.ServerImpl.<init>(ServerImpl.java:144)
	at jdk.httpserver/sun.net.httpserver.HttpServerImpl.<init>(HttpServerImpl.java:50)
	at jdk.httpserver/sun.net.httpserver.DefaultHttpServerProvider.createHttpServer(DefaultHttpServerProvider.java:35)
	at jdk.httpserver/com.sun.net.httpserver.HttpServer.create(HttpServer.java:152)
	at com.fbp.engine.api.HttpApiServer.start(HttpApiServer.java:25)
	at com.fbp.engine.api.HttpApiServerTest.setUp(HttpApiServerTest.java:59)
	at java.base/java.lang.reflect.Method.invoke(Method.java:580)
	at java.base/java.util.ArrayList.forEach(ArrayList.java:1596)
	at java.base/java.util.ArrayList.forEach(ArrayList.java:1596)

com.fbp.engine.api.HttpApiServerTest.testHealthCheck -- Time elapsed: 0 s <<< ERROR!
java.net.BindException: Address already in use
	at java.base/sun.nio.ch.Net.bind0(Native Method)
	at java.base/sun.nio.ch.Net.bind(Net.java:565)
	at java.base/sun.nio.ch.ServerSocketChannelImpl.netBind(ServerSocketChannelImpl.java:344)
	at java.base/sun.nio.ch.ServerSocketChannelImpl.bind(ServerSocketChannelImpl.java:301)
	at java.base/sun.nio.ch.ServerSocketAdaptor.bind(ServerSocketAdaptor.java:89)
	at jdk.httpserver/sun.net.httpserver.ServerImpl.<init>(ServerImpl.java:144)
	at jdk.httpserver/sun.net.httpserver.HttpServerImpl.<init>(HttpServerImpl.java:50)
	at jdk.httpserver/sun.net.httpserver.DefaultHttpServerProvider.createHttpServer(DefaultHttpServerProvider.java:35)
	at jdk.httpserver/com.sun.net.httpserver.HttpServer.create(HttpServer.java:152)
	at com.fbp.engine.api.HttpApiServer.start(HttpApiServer.java:25)
	at com.fbp.engine.api.HttpApiServerTest.setUp(HttpApiServerTest.java:59)
	at java.base/java.lang.reflect.Method.invoke(Method.java:580)
	at java.base/java.util.ArrayList.forEach(ArrayList.java:1596)
	at java.base/java.util.ArrayList.forEach(ArrayList.java:1596)

com.fbp.engine.api.HttpApiServerTest.testDeleteFlowSuccess -- Time elapsed: 0.001 s <<< ERROR!
java.net.BindException: Address already in use
	at java.base/sun.nio.ch.Net.bind0(Native Method)
	at java.base/sun.nio.ch.Net.bind(Net.java:565)
	at java.base/sun.nio.ch.ServerSocketChannelImpl.netBind(ServerSocketChannelImpl.java:344)
	at java.base/sun.nio.ch.ServerSocketChannelImpl.bind(ServerSocketChannelImpl.java:301)
	at java.base/sun.nio.ch.ServerSocketAdaptor.bind(ServerSocketAdaptor.java:89)
	at jdk.httpserver/sun.net.httpserver.ServerImpl.<init>(ServerImpl.java:144)
	at jdk.httpserver/sun.net.httpserver.HttpServerImpl.<init>(HttpServerImpl.java:50)
	at jdk.httpserver/sun.net.httpserver.DefaultHttpServerProvider.createHttpServer(DefaultHttpServerProvider.java:35)
	at jdk.httpserver/com.sun.net.httpserver.HttpServer.create(HttpServer.java:152)
	at com.fbp.engine.api.HttpApiServer.start(HttpApiServer.java:25)
	at com.fbp.engine.api.HttpApiServerTest.setUp(HttpApiServerTest.java:59)
	at java.base/java.lang.reflect.Method.invoke(Method.java:580)
	at java.base/java.util.ArrayList.forEach(ArrayList.java:1596)
	at java.base/java.util.ArrayList.forEach(ArrayList.java:1596)

