<?xml version="1.0" encoding="UTF-8"?>
<testsuite xmlns:xsi="http://www.w3.org/2001/XMLSchema-instance" xsi:noNamespaceSchemaLocation="https://maven.apache.org/surefire/maven-surefire-plugin/xsd/surefire-test-report.xsd" version="3.0.1" name="com.fbp.engine.runner.MqttIntegrationTest" time="15.886" tests="4" errors="0" skipped="0" failures="0">
  <properties>
[...]
</properties>
  <testcase name="testSubscriberToPublisherPipeline" classname="com.fbp.engine.runner.MqttIntegrationTest" time="2.796">
    <system-out><![CDATA[14:20:13.060 [main] INFO com.fbp.engine.core.FlowEngine -- [Engine] 플로우 'flow-1' 등록됨
14:20:13.385 [MQTT Call: sub-1-1778217613059] INFO com.fbp.engine.node.impl.MqttSubscriberNode -- [sub] MQTT Broker 연결 완료
14:20:13.386 [main] INFO com.fbp.engine.node.ProtocolNode -- [sub] 연결 성공
14:20:13.388 [main] INFO com.fbp.engine.node.impl.MqttPublisherNode -- [pub] MQTT Broker(tcp://localhost:1883) 연결 시도
14:20:13.705 [main] INFO com.fbp.engine.node.impl.MqttPublisherNode -- [pub] MQTT Broker 연결 완료 (Publisher)
14:20:13.705 [main] INFO com.fbp.engine.node.ProtocolNode -- [pub] 연결 성공
14:20:13.705 [main] INFO com.fbp.engine.core.FlowEngine -- [Engine] 플로우 'flow-1' 시작됨
14:20:15.218 [MQTT Call: sub-1-1778217613059] INFO com.fbp.engine.node.impl.MqttSubscriberNode -- [sub] 메시지 수신 및 전송 완료: Message(id=976ed4a1-426b-400c-bc17-98503b361ee0, payload={data=123, topic=test/in, mqttTimestamp=1778217615218}, timestamp=1778217615218)
]]></system-out>
  </testcase>
  <testcase name="testMultiTopicSubscription" classname="com.fbp.engine.runner.MqttIntegrationTest" time="4.36">
    <system-out><![CDATA[14:20:15.650 [pool-2-thread-1] INFO com.fbp.engine.metrics.MetricsCollector -- [MetricsCollector] 5000건 메트릭 InfluxDB 적재 완료
14:20:15.862 [main] INFO com.fbp.engine.core.FlowEngine -- [Engine] 플로우 'flow-2' 등록됨
14:20:16.178 [MQTT Call: sub-2-1778217615861] INFO com.fbp.engine.node.impl.MqttSubscriberNode -- [sub] MQTT Broker 연결 완료
14:20:16.179 [main] INFO com.fbp.engine.node.ProtocolNode -- [sub] 연결 성공
14:20:16.180 [main] INFO com.fbp.engine.core.FlowEngine -- [Engine] 플로우 'flow-2' 시작됨
14:20:17.686 [MQTT Call: sub-2-1778217615861] INFO com.fbp.engine.node.impl.MqttSubscriberNode -- [sub] 메시지 수신 및 전송 완료: Message(id=054b8bbb-c534-4956-9e98-543e9029cebb, payload={value=20, topic=multi_test_1778217615861/temp, mqttTimestamp=1778217617686}, timestamp=1778217617686)
14:20:17.687 [MQTT Call: sub-2-1778217615861] INFO com.fbp.engine.node.impl.MqttSubscriberNode -- [sub] 메시지 수신 및 전송 완료: Message(id=9c779696-37d6-4715-bf44-ac082d987664, payload={value=50, topic=multi_test_1778217615861/humidity, mqttTimestamp=1778217617687}, timestamp=1778217617687)
]]></system-out>
  </testcase>
  <testcase name="testQos1DeliveryGuarantee" classname="com.fbp.engine.runner.MqttIntegrationTest" time="4.366">
    <system-out><![CDATA[14:20:20.215 [main] INFO com.fbp.engine.core.FlowEngine -- [Engine] 플로우 'flow-3' 등록됨
14:20:20.529 [MQTT Call: sub-3-1778217620215] INFO com.fbp.engine.node.impl.MqttSubscriberNode -- [sub] MQTT Broker 연결 완료
14:20:20.529 [main] INFO com.fbp.engine.node.ProtocolNode -- [sub] 연결 성공
14:20:20.529 [main] INFO com.fbp.engine.core.FlowEngine -- [Engine] 플로우 'flow-3' 시작됨
14:20:22.039 [MQTT Call: sub-3-1778217620215] INFO com.fbp.engine.node.impl.MqttSubscriberNode -- [sub] 메시지 수신 및 전송 완료: Message(id=9726636c-da80-4c62-b430-b6e26d605de1, payload={topic=qos1/test/1778217620215, mqttTimestamp=1778217622039, id=0}, timestamp=1778217622039)
14:20:22.040 [MQTT Call: sub-3-1778217620215] INFO com.fbp.engine.node.impl.MqttSubscriberNode -- [sub] 메시지 수신 및 전송 완료: Message(id=838e6fbf-5067-4717-996a-39348efa90b0, payload={topic=qos1/test/1778217620215, mqttTimestamp=1778217622040, id=1}, timestamp=1778217622040)
14:20:22.042 [MQTT Call: sub-3-1778217620215] INFO com.fbp.engine.node.impl.MqttSubscriberNode -- [sub] 메시지 수신 및 전송 완료: Message(id=527abe83-6d10-4e16-bcf8-f7cdbd8dc6f1, payload={topic=qos1/test/1778217620215, mqttTimestamp=1778217622042, id=2}, timestamp=1778217622042)
14:20:22.043 [MQTT Call: sub-3-1778217620215] INFO com.fbp.engine.node.impl.MqttSubscriberNode -- [sub] 메시지 수신 및 전송 완료: Message(id=0042fe3d-8a6a-427f-8673-862462a792eb, payload={topic=qos1/test/1778217620215, mqttTimestamp=1778217622043, id=3}, timestamp=1778217622043)
14:20:22.044 [MQTT Call: sub-3-1778217620215] INFO com.fbp.engine.node.impl.MqttSubscriberNode -- [sub] 메시지 수신 및 전송 완료: Message(id=32889667-0993-49c0-863c-f39205c441d5, payload={topic=qos1/test/1778217620215, mqttTimestamp=1778217622044, id=4}, timestamp=1778217622044)
14:20:22.045 [MQTT Call: sub-3-1778217620215] INFO com.fbp.engine.node.impl.MqttSubscriberNode -- [sub] 메시지 수신 및 전송 완료: Message(id=2207c5bd-4eb1-4008-a976-339c6879008e, payload={topic=qos1/test/1778217620215, mqttTimestamp=1778217622045, id=5}, timestamp=1778217622045)
14:20:22.046 [MQTT Call: sub-3-1778217620215] INFO com.fbp.engine.node.impl.MqttSubscriberNode -- [sub] 메시지 수신 및 전송 완료: Message(id=b51729d2-b578-4f2f-ab68-fe1b4903e27c, payload={topic=qos1/test/1778217620215, mqttTimestamp=1778217622046, id=6}, timestamp=1778217622046)
14:20:22.046 [MQTT Call: sub-3-1778217620215] INFO com.fbp.engine.node.impl.MqttSubscriberNode -- [sub] 메시지 수신 및 전송 완료: Message(id=09ba67f8-fcce-45e8-b4d0-de90c83ff230, payload={topic=qos1/test/1778217620215, mqttTimestamp=1778217622046, id=7}, timestamp=1778217622046)
14:20:22.048 [MQTT Call: sub-3-1778217620215] INFO com.fbp.engine.node.impl.MqttSubscriberNode -- [sub] 메시지 수신 및 전송 완료: Message(id=177329ea-1e96-4bd7-a1b2-36feed7936c6, payload={topic=qos1/test/1778217620215, mqttTimestamp=1778217622048, id=8}, timestamp=1778217622048)
14:20:22.049 [MQTT Call: sub-3-1778217620215] INFO com.fbp.engine.node.impl.MqttSubscriberNode -- [sub] 메시지 수신 및 전송 완료: Message(id=34c5b6c4-1acf-479c-9f4c-3482e07144c4, payload={topic=qos1/test/1778217620215, mqttTimestamp=1778217622049, id=9}, timestamp=1778217622049)
]]></system-out>
  </testcase>
  <testcase name="testReconnection" classname="com.fbp.engine.runner.MqttIntegrationTest" time="4.359">
    <system-out><![CDATA[14:20:24.588 [main] INFO com.fbp.engine.core.FlowEngine -- [Engine] 플로우 'flow-4' 등록됨
14:20:24.902 [MQTT Call: sub-4-1778217624587] INFO com.fbp.engine.node.impl.MqttSubscriberNode -- [sub] MQTT Broker 연결 완료
14:20:24.903 [main] INFO com.fbp.engine.node.ProtocolNode -- [sub] 연결 성공
14:20:24.903 [main] INFO com.fbp.engine.core.FlowEngine -- [Engine] 플로우 'flow-4' 시작됨
14:20:25.599 [pool-2-thread-1] INFO com.fbp.engine.metrics.MetricsCollector -- [MetricsCollector] 204건 메트릭 InfluxDB 적재 완료
14:20:26.413 [MQTT Call: sub-4-1778217624587] INFO com.fbp.engine.node.impl.MqttSubscriberNode -- [sub] 메시지 수신 및 전송 완료: Message(id=ce47862f-eb2b-4e8e-a460-70dc8af31ac0, payload={topic=reconnect/test, mqttTimestamp=1778217626413, status=ok}, timestamp=1778217626413)
]]></system-out>
  </testcase>
</testsuite>