<?xml version="1.0" encoding="UTF-8"?>
<testsuite xmlns:xsi="http://www.w3.org/2001/XMLSchema-instance" xsi:noNamespaceSchemaLocation="https://maven.apache.org/surefire/maven-surefire-plugin/xsd/surefire-test-report.xsd" version="3.0.1" name="com.fbp.engine.runner.MqttModbusIntegrationTest" time="16.668" tests="4" errors="0" skipped="0" failures="0">
  <properties>
[...]
</properties>
  <testcase name="testRuleMatchToModbusWrite" classname="com.fbp.engine.runner.MqttModbusIntegrationTest" time="3.784">
    <system-out><![CDATA[14:20:30.975 [Thread-108] INFO com.fbp.engine.protocol.ModbusTcpSimulator -- [Simulator] 클라이언트 시작됨 (포트:5020)
14:20:31.295 [main] INFO com.fbp.engine.core.FlowEngine -- [Engine] 플로우 'mqtt-modbus-e2e' 등록됨
14:20:31.296 [main] INFO com.fbp.engine.node.ProtocolNode -- [writer] 연결 성공
14:20:31.296 [Thread-108] INFO com.fbp.engine.protocol.ModbusTcpSimulator -- [Simulator] 클라이언트 접속됨: /127.0.0.1:51059
14:20:31.612 [MQTT Call: fbp-e2e-sub] INFO com.fbp.engine.node.impl.MqttSubscriberNode -- [mqtt-sub] MQTT Broker 연결 완료
14:20:31.613 [main] INFO com.fbp.engine.node.ProtocolNode -- [mqtt-sub] 연결 성공
14:20:31.615 [main] INFO com.fbp.engine.node.impl.MqttPublisherNode -- [mqtt-pub] MQTT Broker(tcp://localhost:1883) 연결 시도
14:20:31.928 [main] INFO com.fbp.engine.node.impl.MqttPublisherNode -- [mqtt-pub] MQTT Broker 연결 완료 (Publisher)
14:20:31.928 [main] INFO com.fbp.engine.node.ProtocolNode -- [mqtt-pub] 연결 성공
14:20:31.929 [main] INFO com.fbp.engine.core.FlowEngine -- [Engine] 플로우 'mqtt-modbus-e2e' 시작됨
14:20:32.940 [MQTT Call: fbp-e2e-sub] INFO com.fbp.engine.node.impl.MqttSubscriberNode -- [mqtt-sub] 메시지 수신 및 전송 완료: Message(id=b9183c98-4e5d-485b-8747-984ec580f737, payload={temperature=35.5, topic=sensor/temperature, mqttTimestamp=1778217632939}, timestamp=1778217632939)
[Simulator] 레지스터 쓰기 발생 -> 주소: 2, 값: 1
[printer] {writtenAddress=2, writtenValue=1, originalMessage={temperature=35.5, topic=sensor/alert, alertCode=1, mqttTimestamp=1778217632939, __inPort=in}, __inPort=in, status=success}
[Simulator] 클라이언트 연결 해제
14:20:34.652 [main] INFO com.fbp.engine.protocol.ModbusTcpSimulator -- [Simulator] MODBUS 시뮬레이터 종료
]]></system-out>
  </testcase>
  <testcase name="testMqttReceiveAndRuleBranch" classname="com.fbp.engine.runner.MqttModbusIntegrationTest" time="3.786">
    <system-out><![CDATA[14:20:34.760 [Thread-128] INFO com.fbp.engine.protocol.ModbusTcpSimulator -- [Simulator] 클라이언트 시작됨 (포트:5020)
14:20:35.076 [main] INFO com.fbp.engine.core.FlowEngine -- [Engine] 플로우 'mqtt-modbus-e2e' 등록됨
14:20:35.077 [main] INFO com.fbp.engine.node.ProtocolNode -- [writer] 연결 성공
14:20:35.077 [Thread-128] INFO com.fbp.engine.protocol.ModbusTcpSimulator -- [Simulator] 클라이언트 접속됨: /127.0.0.1:51063
14:20:35.398 [MQTT Call: fbp-e2e-sub] INFO com.fbp.engine.node.impl.MqttSubscriberNode -- [mqtt-sub] MQTT Broker 연결 완료
14:20:35.399 [main] INFO com.fbp.engine.node.ProtocolNode -- [mqtt-sub] 연결 성공
14:20:35.401 [main] INFO com.fbp.engine.node.impl.MqttPublisherNode -- [mqtt-pub] MQTT Broker(tcp://localhost:1883) 연결 시도
14:20:35.595 [pool-2-thread-1] INFO com.fbp.engine.metrics.MetricsCollector -- [MetricsCollector] 21건 메트릭 InfluxDB 적재 완료
14:20:35.720 [main] INFO com.fbp.engine.node.impl.MqttPublisherNode -- [mqtt-pub] MQTT Broker 연결 완료 (Publisher)
14:20:35.721 [main] INFO com.fbp.engine.node.ProtocolNode -- [mqtt-pub] 연결 성공
14:20:35.722 [main] INFO com.fbp.engine.core.FlowEngine -- [Engine] 플로우 'mqtt-modbus-e2e' 시작됨
14:20:36.725 [MQTT Call: fbp-e2e-sub] INFO com.fbp.engine.node.impl.MqttSubscriberNode -- [mqtt-sub] 메시지 수신 및 전송 완료: Message(id=8e353d7b-3fa2-4fd1-8efc-88b72c75c0b9, payload={temperature=25.0, topic=sensor/temperature, mqttTimestamp=1778217636725}, timestamp=1778217636725)
[Simulator] 클라이언트 연결 해제
14:20:38.440 [main] INFO com.fbp.engine.protocol.ModbusTcpSimulator -- [Simulator] MODBUS 시뮬레이터 종료
]]></system-out>
  </testcase>
  <testcase name="testRuleMatchToMqttAlert" classname="com.fbp.engine.runner.MqttModbusIntegrationTest" time="3.791">
    <system-out><![CDATA[14:20:38.546 [Thread-148] INFO com.fbp.engine.protocol.ModbusTcpSimulator -- [Simulator] 클라이언트 시작됨 (포트:5020)
14:20:38.862 [main] INFO com.fbp.engine.core.FlowEngine -- [Engine] 플로우 'mqtt-modbus-e2e' 등록됨
14:20:38.863 [main] INFO com.fbp.engine.node.ProtocolNode -- [writer] 연결 성공
14:20:38.863 [Thread-148] INFO com.fbp.engine.protocol.ModbusTcpSimulator -- [Simulator] 클라이언트 접속됨: /127.0.0.1:51067
14:20:39.186 [MQTT Call: fbp-e2e-sub] INFO com.fbp.engine.node.impl.MqttSubscriberNode -- [mqtt-sub] MQTT Broker 연결 완료
14:20:39.187 [main] INFO com.fbp.engine.node.ProtocolNode -- [mqtt-sub] 연결 성공
14:20:39.189 [main] INFO com.fbp.engine.node.impl.MqttPublisherNode -- [mqtt-pub] MQTT Broker(tcp://localhost:1883) 연결 시도
14:20:39.506 [main] INFO com.fbp.engine.node.impl.MqttPublisherNode -- [mqtt-pub] MQTT Broker 연결 완료 (Publisher)
14:20:39.506 [main] INFO com.fbp.engine.node.ProtocolNode -- [mqtt-pub] 연결 성공
14:20:39.507 [main] INFO com.fbp.engine.core.FlowEngine -- [Engine] 플로우 'mqtt-modbus-e2e' 시작됨
14:20:40.517 [MQTT Call: fbp-e2e-sub] INFO com.fbp.engine.node.impl.MqttSubscriberNode -- [mqtt-sub] 메시지 수신 및 전송 완료: Message(id=ff0b081a-6cc0-4656-aa34-65cdede09766, payload={temperature=38.0, topic=sensor/temperature, mqttTimestamp=1778217640517}, timestamp=1778217640517)
[Simulator] 레지스터 쓰기 발생 -> 주소: 2, 값: 1
[printer] {writtenAddress=2, writtenValue=1, originalMessage={temperature=38.0, topic=sensor/alert, alertCode=1, mqttTimestamp=1778217640517, __inPort=in}, __inPort=in, status=success}
[Simulator] 클라이언트 연결 해제
14:20:42.230 [main] INFO com.fbp.engine.protocol.ModbusTcpSimulator -- [Simulator] MODBUS 시뮬레이터 종료
]]></system-out>
  </testcase>
  <testcase name="testEndToEndPipeline" classname="com.fbp.engine.runner.MqttModbusIntegrationTest" time="5.302">
    <system-out><![CDATA[14:20:42.340 [Thread-168] INFO com.fbp.engine.protocol.ModbusTcpSimulator -- [Simulator] 클라이언트 시작됨 (포트:5020)
14:20:42.658 [main] INFO com.fbp.engine.core.FlowEngine -- [Engine] 플로우 'mqtt-modbus-e2e' 등록됨
14:20:42.659 [Thread-168] INFO com.fbp.engine.protocol.ModbusTcpSimulator -- [Simulator] 클라이언트 접속됨: /127.0.0.1:51071
14:20:42.659 [main] INFO com.fbp.engine.node.ProtocolNode -- [writer] 연결 성공
14:20:42.980 [MQTT Call: fbp-e2e-sub] INFO com.fbp.engine.node.impl.MqttSubscriberNode -- [mqtt-sub] MQTT Broker 연결 완료
14:20:42.981 [main] INFO com.fbp.engine.node.ProtocolNode -- [mqtt-sub] 연결 성공
14:20:42.984 [main] INFO com.fbp.engine.node.impl.MqttPublisherNode -- [mqtt-pub] MQTT Broker(tcp://localhost:1883) 연결 시도
14:20:43.301 [main] INFO com.fbp.engine.node.impl.MqttPublisherNode -- [mqtt-pub] MQTT Broker 연결 완료 (Publisher)
14:20:43.301 [main] INFO com.fbp.engine.node.ProtocolNode -- [mqtt-pub] 연결 성공
14:20:43.302 [main] INFO com.fbp.engine.core.FlowEngine -- [Engine] 플로우 'mqtt-modbus-e2e' 시작됨
14:20:44.311 [MQTT Call: fbp-e2e-sub] INFO com.fbp.engine.node.impl.MqttSubscriberNode -- [mqtt-sub] 메시지 수신 및 전송 완료: Message(id=8c555f77-81af-4d0a-9b08-7aa8c5100178, payload={temperature=20.0, topic=sensor/temperature, mqttTimestamp=1778217644311}, timestamp=1778217644311)
14:20:45.594 [pool-2-thread-1] INFO com.fbp.engine.metrics.MetricsCollector -- [MetricsCollector] 10건 메트릭 InfluxDB 적재 완료
14:20:45.817 [MQTT Call: fbp-e2e-sub] INFO com.fbp.engine.node.impl.MqttSubscriberNode -- [mqtt-sub] 메시지 수신 및 전송 완료: Message(id=a7d320c4-b57d-44ec-8cbb-f80685db8116, payload={temperature=40.0, topic=sensor/temperature, mqttTimestamp=1778217645817}, timestamp=1778217645817)
[Simulator] 레지스터 쓰기 발생 -> 주소: 2, 값: 1
[printer] {writtenAddress=2, writtenValue=1, originalMessage={temperature=40.0, topic=sensor/alert, alertCode=1, mqttTimestamp=1778217645817, __inPort=in}, __inPort=in, status=success}
[Simulator] 클라이언트 연결 해제
14:20:47.533 [main] INFO com.fbp.engine.protocol.ModbusTcpSimulator -- [Simulator] MODBUS 시뮬레이터 종료
]]></system-out>
  </testcase>
</testsuite>