<?xml version="1.0" encoding="UTF-8"?>
<testsuite xmlns:xsi="http://www.w3.org/2001/XMLSchema-instance" xsi:noNamespaceSchemaLocation="https://maven.apache.org/surefire/maven-surefire-plugin/xsd/surefire-test-report.xsd" version="3.0.1" name="com.fbp.engine.FinalIntegrationTest" time="3.031" tests="7" errors="0" skipped="0" failures="0">
  <properties>
[...]
</properties>
  <testcase name="testAlertPathAccuracy" classname="com.fbp.engine.FinalIntegrationTest" time="0.005">
    <system-out><![CDATA[14:19:56.848 [main] INFO com.fbp.engine.core.FlowEngine -- [Engine] 플로우 'final-flow' 등록됨
14:19:56.851 [main] INFO com.fbp.engine.core.FlowEngine -- [Engine] 플로우 'final-flow' 시작됨
14:19:56.852 [pool-14-thread-3] INFO com.fbp.engine.node.impl.AlertNode -- [경고] 온도 센서 sensor : 42.5°C — 임계값 초과!
14:19:56.952 [pool-14-thread-3] INFO com.fbp.engine.node.impl.AlertNode -- [경고] 온도 센서 sensor : 44.4°C — 임계값 초과!
[14:19:57.050][logger] {temperature=26.5, unit=°C, __inPort=in, sensorId=sensor, timestamp=1778217597050}
14:19:57.155 [pool-14-thread-3] INFO com.fbp.engine.node.impl.AlertNode -- [경고] 온도 센서 sensor : 30.5°C — 임계값 초과!
14:19:57.255 [pool-14-thread-3] INFO com.fbp.engine.node.impl.AlertNode -- [경고] 온도 센서 sensor : 36.1°C — 임계값 초과!
14:19:57.355 [pool-14-thread-3] INFO com.fbp.engine.node.impl.AlertNode -- [경고] 온도 센서 sensor : 32.2°C — 임계값 초과!
14:19:57.455 [pool-14-thread-3] INFO com.fbp.engine.node.impl.AlertNode -- [경고] 온도 센서 sensor : 37.0°C — 임계값 초과!
14:19:57.559 [pool-14-thread-3] INFO com.fbp.engine.node.impl.AlertNode -- [경고] 온도 센서 sensor : 32.7°C — 임계값 초과!
14:19:57.650 [pool-14-thread-3] INFO com.fbp.engine.node.impl.AlertNode -- [경고] 온도 센서 sensor : 34.3°C — 임계값 초과!
[14:19:57.752][logger] {temperature=17.5, unit=°C, __inPort=in, sensorId=sensor, timestamp=1778217597752}
[14:19:57.855][logger] {temperature=18.5, unit=°C, __inPort=in, sensorId=sensor, timestamp=1778217597855}
14:19:57.953 [pool-14-thread-3] INFO com.fbp.engine.node.impl.AlertNode -- [경고] 온도 센서 sensor : 42.9°C — 임계값 초과!
14:19:58.055 [pool-14-thread-3] INFO com.fbp.engine.node.impl.AlertNode -- [경고] 온도 센서 sensor : 33.0°C — 임계값 초과!
[14:19:58.150][logger] {temperature=19.6, unit=°C, __inPort=in, sensorId=sensor, timestamp=1778217598150}
14:19:58.252 [pool-14-thread-3] INFO com.fbp.engine.node.impl.AlertNode -- [경고] 온도 센서 sensor : 31.9°C — 임계값 초과!
14:19:58.355 [pool-14-thread-3] INFO com.fbp.engine.node.impl.AlertNode -- [경고] 온도 센서 sensor : 31.5°C — 임계값 초과!
14:19:58.454 [pool-14-thread-3] INFO com.fbp.engine.node.impl.AlertNode -- [경고] 온도 센서 sensor : 41.0°C — 임계값 초과!
14:19:58.553 [pool-14-thread-3] INFO com.fbp.engine.node.impl.AlertNode -- [경고] 온도 센서 sensor : 39.9°C — 임계값 초과!
14:19:58.655 [pool-14-thread-3] INFO com.fbp.engine.node.impl.AlertNode -- [경고] 온도 센서 sensor : 35.6°C — 임계값 초과!
[14:19:58.754][logger] {temperature=26.0, unit=°C, __inPort=in, sensorId=sensor, timestamp=1778217598754}
14:19:58.854 [pool-14-thread-3] INFO com.fbp.engine.node.impl.AlertNode -- [경고] 온도 센서 sensor : 42.8°C — 임계값 초과!
[14:19:58.954][logger] {temperature=19.3, unit=°C, __inPort=in, sensorId=sensor, timestamp=1778217598954}
[14:19:59.055][logger] {temperature=15.3, unit=°C, __inPort=in, sensorId=sensor, timestamp=1778217599054}
[14:19:59.155][logger] {temperature=23.6, unit=°C, __inPort=in, sensorId=sensor, timestamp=1778217599155}
[14:19:59.253][logger] {temperature=23.8, unit=°C, __inPort=in, sensorId=sensor, timestamp=1778217599253}
]]></system-out>
  </testcase>
  <testcase name="testTemperatureRange" classname="com.fbp.engine.FinalIntegrationTest" time="0.001"/>
  <testcase name="testBranchCompleteness" classname="com.fbp.engine.FinalIntegrationTest" time="0.0"/>
  <testcase name="testSensorDataFormat" classname="com.fbp.engine.FinalIntegrationTest" time="0.001"/>
  <testcase name="testNormalPathAccuracy" classname="com.fbp.engine.FinalIntegrationTest" time="0.001"/>
  <testcase name="testFileWriteVerification" classname="com.fbp.engine.FinalIntegrationTest" time="0.004"/>
  <testcase name="testEngineStatus" classname="com.fbp.engine.FinalIntegrationTest" time="0.0"/>
</testsuite>